<?xml version="1.0" encoding="UTF-8"?>
<!-- Generated by org.testng.reporters.JUnitXMLReporter -->
<testsuite ignored="0" hostname="Asus" failures="4" tests="20" name="Surefire test" time="76.616" errors="0" timestamp="2025-11-10T21:39:55 ICT">
  <testcase classname="com.mycompany.nhom08.LoginNGTest" name="TC01" time="3.542"/>
  <testcase classname="com.mycompany.nhom08.LoginNGTest" name="TC02" time="9.372"/>
  <testcase classname="com.mycompany.nhom08.LoginNGTest" name="TC03" time="9.458"/>
  <testcase classname="com.mycompany.nhom08.LoginNGTest" name="TC04" time="1.591"/>
  <testcase classname="com.mycompany.nhom08.LoginNGTest" name="TC05" time="2.605"/>
  <testcase classname="com.mycompany.nhom08.LoginNGTest" name="TC06" time="3.75"/>
  <testcase classname="com.mycompany.nhom08.LoginNGTest" name="TC07" time="2.672"/>
  <testcase classname="com.mycompany.nhom08.LoginNGTest" name="TC08" time="4.138"/>
  <testcase classname="com.mycompany.nhom08.LoginNGTest" name="TC09" time="1.529"/>
  <testcase classname="com.mycompany.nhom08.LoginNGTest" name="TC10" time="1.542"/>
  <testcase classname="com.mycompany.nhom08.LoginNGTest" name="TC11" time="1.598"/>
  <testcase classname="com.mycompany.nhom08.LoginNGTest" name="TC12" time="1.609"/>
  <testcase classname="com.mycompany.nhom08.LoginNGTest" name="TC13" time="12.045"/>
  <testcase classname="com.mycompany.nhom08.LoginNGTest" name="TC14" time="1.539"/>
  <testcase classname="com.mycompany.nhom08.LoginNGTest" name="TC15" time="1.604"/>
  <testcase classname="com.mycompany.nhom08.LoginNGTest" name="TC16" time="2.635"/>
  <testcase classname="com.mycompany.nhom08.LoginNGTest" name="TC17" time="0.01">
    <failure type="java.lang.AssertionError" message="expected [10] but found [6]">
      <![CDATA[java.lang.AssertionError: expected [10] but found [6]
at com.mycompany.nhom08.LoginNGTest.TC17(LoginNGTest.java:400)
at java.base/java.util.ArrayList.forEach(ArrayList.java:1511)
... Removed 39 stack frames]]>
    </failure>
  </testcase> <!-- TC17 -->
  <testcase classname="com.mycompany.nhom08.LoginNGTest" name="TC18" time="0.035">
    <failure type="java.lang.AssertionError" message="expected [$99.99] but found [$29.99]">
      <![CDATA[java.lang.AssertionError: expected [$99.99] but found [$29.99]
at com.mycompany.nhom08.LoginNGTest.TC18(LoginNGTest.java:413)
at java.base/java.util.ArrayList.forEach(ArrayList.java:1511)
... Removed 38 stack frames]]>
    </failure>
  </testcase> <!-- TC18 -->
  <testcase classname="com.mycompany.nhom08.LoginNGTest" name="TC19" time="1.208">
    <failure type="java.lang.AssertionError" message="expected [5] but found [2]">
      <![CDATA[java.lang.AssertionError: expected [5] but found [2]
at com.mycompany.nhom08.LoginNGTest.TC19(LoginNGTest.java:430)
at java.base/java.util.ArrayList.forEach(ArrayList.java:1511)
... Removed 38 stack frames]]>
    </failure>
  </testcase> <!-- TC19 -->
  <testcase classname="com.mycompany.nhom08.LoginNGTest" name="TC20" time="0.033">
    <failure type="java.lang.AssertionError" message="expected [All Products] but found [Products]">
      <![CDATA[java.lang.AssertionError: expected [All Products] but found [Products]
at com.mycompany.nhom08.LoginNGTest.TC20(LoginNGTest.java:442)
at java.base/java.util.ArrayList.forEach(ArrayList.java:1511)
... Removed 38 stack frames]]>
    </failure>
  </testcase> <!-- TC20 -->
</testsuite> <!-- Surefire test -->
