<?xml version="1.0" encoding="UTF-8"?>
<!-- Generated by org.testng.reporters.JUnitXMLReporter -->
<testsuite ignored="10" hostname="Asus" failures="1" tests="1" name="Surefire test" time="1.709" errors="0" timestamp="2025-11-10T18:36:00 ICT">
  <testcase classname="com.mycompany.nhom08.Nhom08NGTest" name="test07_SortProductsByPrice" time="0.143">
    <failure type="org.openqa.selenium.StaleElementReferenceException" message="stale element reference: stale element not found in the current frame
  (Session info: chrome=142.0.7444.60)
For documentation on this error, please visit: https://www.selenium.dev/documentation/webdriver/troubleshooting/errors#stale-element-reference-exception
Build info: version: &amp;apos;4.15.0&amp;apos;, revision: &amp;apos;1d14b5521b&amp;apos;
System info: os.name: &amp;apos;Windows 11&amp;apos;, os.arch: &amp;apos;amd64&amp;apos;, os.version: &amp;apos;10.0&amp;apos;, java.version: &amp;apos;17.0.15&amp;apos;
Driver info: org.openqa.selenium.chrome.ChromeDriver
Command: [592ecde6916c47529243bb036dda3d2a, isElementEnabled {id=f.8683AA188EFD6CE282DB2AE05561C3EB.d.249A56499F061B74CE514411E5C08A3E.e.15}]
Capabilities {acceptInsecureCerts: false, browserName: chrome, browserVersion: 142.0.7444.60, chrome: {chromedriverVersion: 142.0.7444.61 (9884f628acbc..., userDataDir: C:\Users\miyam\AppData\Loca...}, fedcm:accounts: true, goog:chromeOptions: {debuggerAddress: localhost:62667}, goog:processID: 26672, networkConnectionEnabled: false, pageLoadStrategy: normal, platformName: windows, proxy: Proxy(), se:cdp: ws://localhost:62667/devtoo..., se:cdpVersion: 142.0.7444.60, setWindowRect: true, strictFileInteractability: false, timeouts: {implicit: 0, pageLoad: 300000, script: 30000}, unhandledPromptBehavior: dismiss and notify, webauthn:extension:credBlob: true, webauthn:extension:largeBlob: true, webauthn:extension:minPinLength: true, webauthn:extension:prf: true, webauthn:virtualAuthenticators: true}
Element: [[ChromeDriver: chrome on windows (592ecde6916c47529243bb036dda3d2a)] -&amp;gt; class name: product_sort_container]
Session ID: 592ecde6916c47529243bb036dda3d2a">
      <![CDATA[org.openqa.selenium.StaleElementReferenceException: stale element reference: stale element not found in the current frame
  (Session info: chrome=142.0.7444.60)
For documentation on this error, please visit: https://www.selenium.dev/documentation/webdriver/troubleshooting/errors#stale-element-reference-exception
Build info: version: '4.15.0', revision: '1d14b5521b'
System info: os.name: 'Windows 11', os.arch: 'amd64', os.version: '10.0', java.version: '17.0.15'
Driver info: org.openqa.selenium.chrome.ChromeDriver
Command: [592ecde6916c47529243bb036dda3d2a, isElementEnabled {id=f.8683AA188EFD6CE282DB2AE05561C3EB.d.249A56499F061B74CE514411E5C08A3E.e.15}]
Capabilities {acceptInsecureCerts: false, browserName: chrome, browserVersion: 142.0.7444.60, chrome: {chromedriverVersion: 142.0.7444.61 (9884f628acbc..., userDataDir: C:\Users\miyam\AppData\Loca...}, fedcm:accounts: true, goog:chromeOptions: {debuggerAddress: localhost:62667}, goog:processID: 26672, networkConnectionEnabled: false, pageLoadStrategy: normal, platformName: windows, proxy: Proxy(), se:cdp: ws://localhost:62667/devtoo..., se:cdpVersion: 142.0.7444.60, setWindowRect: true, strictFileInteractability: false, timeouts: {implicit: 0, pageLoad: 300000, script: 30000}, unhandledPromptBehavior: dismiss and notify, webauthn:extension:credBlob: true, webauthn:extension:largeBlob: true, webauthn:extension:minPinLength: true, webauthn:extension:prf: true, webauthn:virtualAuthenticators: true}
Element: [[ChromeDriver: chrome on windows (592ecde6916c47529243bb036dda3d2a)] -> class name: product_sort_container]
Session ID: 592ecde6916c47529243bb036dda3d2a
at org.openqa.selenium.remote.codec.w3c.W3CHttpResponseCodec.createException(W3CHttpResponseCodec.java:200)
at org.openqa.selenium.remote.codec.w3c.W3CHttpResponseCodec.decode(W3CHttpResponseCodec.java:133)
at org.openqa.selenium.remote.codec.w3c.W3CHttpResponseCodec.decode(W3CHttpResponseCodec.java:52)
at org.openqa.selenium.remote.HttpCommandExecutor.execute(HttpCommandExecutor.java:191)
at org.openqa.selenium.remote.service.DriverCommandExecutor.invokeExecute(DriverCommandExecutor.java:200)
at org.openqa.selenium.remote.service.DriverCommandExecutor.execute(DriverCommandExecutor.java:175)
at org.openqa.selenium.remote.RemoteWebDriver.execute(RemoteWebDriver.java:607)
at org.openqa.selenium.remote.RemoteWebElement.execute(RemoteWebElement.java:224)
at org.openqa.selenium.remote.RemoteWebElement.isEnabled(RemoteWebElement.java:182)
at org.openqa.selenium.support.ui.Select.assertSelectIsEnabled(Select.java:326)
at org.openqa.selenium.support.ui.Select.selectByValue(Select.java:193)
at com.mycompany.nhom08.Nhom08NGTest.test07_SortProductsByPrice(Nhom08NGTest.java:373)
at java.base/java.util.ArrayList.forEach(ArrayList.java:1511)
... Removed 37 stack frames]]>
    </failure>
  </testcase> <!-- test07_SortProductsByPrice -->
  <testcase classname="com.mycompany.nhom08.Nhom08NGTest" name="testMain" time="0.0">
    <ignored/>
  </testcase> <!-- testMain -->
  <testcase classname="com.mycompany.nhom08.Nhom08NGTest" name="test01_Login_Success" time="0.0">
    <ignored/>
  </testcase> <!-- test01_Login_Success -->
  <testcase classname="com.mycompany.nhom08.Nhom08NGTest" name="test02_Login_LockedUser" time="0.0">
    <ignored/>
  </testcase> <!-- test02_Login_LockedUser -->
  <testcase classname="com.mycompany.nhom08.Nhom08NGTest" name="test05_RemoveProductFromCart" time="0.0">
    <ignored/>
  </testcase> <!-- test05_RemoveProductFromCart -->
  <testcase classname="com.mycompany.nhom08.Nhom08NGTest" name="test08_VerifyProductCount" time="0.0">
    <ignored/>
  </testcase> <!-- test08_VerifyProductCount -->
  <testcase classname="com.mycompany.nhom08.Nhom08NGTest" name="test09_ViewProductDetails" time="0.0">
    <ignored/>
  </testcase> <!-- test09_ViewProductDetails -->
  <testcase classname="com.mycompany.nhom08.Nhom08NGTest" name="test06_SortProductsByName" time="0.0">
    <ignored/>
  </testcase> <!-- test06_SortProductsByName -->
  <testcase classname="com.mycompany.nhom08.Nhom08NGTest" name="test10_NavigateToCart" time="0.0">
    <ignored/>
  </testcase> <!-- test10_NavigateToCart -->
  <testcase classname="com.mycompany.nhom08.Nhom08NGTest" name="test04_AddProductToCart" time="0.0">
    <ignored/>
  </testcase> <!-- test04_AddProductToCart -->
  <testcase classname="com.mycompany.nhom08.Nhom08NGTest" name="test03_Login_InvalidPassword" time="0.0">
    <ignored/>
  </testcase> <!-- test03_Login_InvalidPassword -->
</testsuite> <!-- Surefire test -->
