<?xml version="1.0" encoding="UTF-8"?>
<testsuite xmlns:xsi="http://www.w3.org/2001/XMLSchema-instance" xsi:noNamespaceSchemaLocation="https://maven.apache.org/surefire/maven-surefire-plugin/xsd/surefire-test-report-3.0.xsd" version="3.0" name="com.mycompany.nhom08.Nhom08NGTest" time="156.675" tests="11" errors="0" skipped="0" failures="2">
  <properties>
[...]
</properties>
  <testcase name="testMain" classname="com.mycompany.nhom08.Nhom08NGTest" time="0.002">
    <system-out><![CDATA[Da xoa ket qua cu, san sang cho test moi
============================================================
BAT DAU CHAY 20 TEST CASES - SAUCEDEMO.COM
(16 PASS + 4 FAIL = 20% FAIL RATE)
============================================================

[SETUP] Dang nhap 1 lan cho toan bo test suite...
[SETUP] Da dang nhap thanh cong - GIU SESSION XUYЕN SUOT
main
Hello World!
De chay test Selenium, hay chay file testng.xml
Ket qua se duoc xuat ra file: test-results.csv
]]></system-out>
    <system-err><![CDATA[SLF4J: No SLF4J providers were found.
SLF4J: Defaulting to no-operation (NOP) logger implementation
SLF4J: See https://www.slf4j.org/codes.html#noProviders for further details.
thg 11 10, 2025 6:18:25 CH org.openqa.selenium.devtools.CdpVersionFinder findNearestMatch
WARNING: Unable to find CDP implementation matching 142
thg 11 10, 2025 6:18:25 CH org.openqa.selenium.chromium.ChromiumDriver lambda$new$5
WARNING: Unable to find version of CDP to use for 142.0.7444.60. You may need to include a dependency on a specific version of the CDP using something similar to `org.seleniumhq.selenium:selenium-devtools-v86:4.15.0` where the version ("v86") matches the version of the chromium-based browser you're using and the version number of the artifact is the same as Selenium's.
]]></system-err>
  </testcase>
  <testcase name="test01_Login_Success" classname="com.mycompany.nhom08.Nhom08NGTest" time="18.542">
    <system-out><![CDATA[  -> Da luu ket qua: testMain
>> testMain: PASS (1519ms)

[TEST 1] Dang test dang nhap thanh cong...
[OK] Test 1 hoan thanh
]]></system-out>
  </testcase>
  <testcase name="test02_Login_LockedUser" classname="com.mycompany.nhom08.Nhom08NGTest" time="23.808">
    <system-out><![CDATA[  -> Da luu ket qua: test01_Login_Success
>> test01_Login_Success: PASS (20043ms)

[TEST 2] Dang test locked user...
[OK] Test 2 hoan thanh
]]></system-out>
  </testcase>
  <testcase name="test03_Login_InvalidPassword" classname="com.mycompany.nhom08.Nhom08NGTest" time="23.525">
    <system-out><![CDATA[  -> Da luu ket qua: test02_Login_LockedUser
>> test02_Login_LockedUser: PASS (25310ms)

[TEST 3] Dang test mat khau sai...
[OK] Test 3 hoan thanh
]]></system-out>
  </testcase>
  <testcase name="test04_AddProductToCart" classname="com.mycompany.nhom08.Nhom08NGTest" time="1.616">
    <system-out><![CDATA[  -> Da luu ket qua: test03_Login_InvalidPassword
>> test03_Login_InvalidPassword: PASS (25038ms)

[TEST 4] Dang test them san pham vao gio hang...
[OK] Test 4 hoan thanh
]]></system-out>
  </testcase>
  <testcase name="test05_RemoveProductFromCart" classname="com.mycompany.nhom08.Nhom08NGTest" time="12.11">
    <system-out><![CDATA[  -> Da luu ket qua: test04_AddProductToCart
>> test04_AddProductToCart: PASS (3126ms)

[TEST 5] Dang test xoa san pham khoi gio hang...
[OK] Test 5 hoan thanh
]]></system-out>
  </testcase>
  <testcase name="test06_SortProductsByName" classname="com.mycompany.nhom08.Nhom08NGTest" time="11.534">
    <failure message="Expected condition failed: waiting for element ([[ChromeDriver: chrome on windows (20e2bd326d2c6899731d6ea48c7a3c49)] -&gt; class name: inventory_item_name]) to become stale (tried for 10 second(s) with 500 milliseconds interval)&#10;Build info: version: &apos;4.15.0&apos;, revision: &apos;1d14b5521b&apos;&#10;System info: os.name: &apos;Windows 11&apos;, os.arch: &apos;amd64&apos;, os.version: &apos;10.0&apos;, java.version: &apos;17.0.15&apos;&#10;Driver info: org.openqa.selenium.chrome.ChromeDriver&#10;Capabilities {acceptInsecureCerts: false, browserName: chrome, browserVersion: 142.0.7444.60, chrome: {chromedriverVersion: 142.0.7444.61 (9884f628acbc..., userDataDir: C:\Users\miyam\AppData\Loca...}, fedcm:accounts: true, goog:chromeOptions: {debuggerAddress: localhost:58124}, goog:processID: 3676, networkConnectionEnabled: false, pageLoadStrategy: normal, platformName: windows, proxy: Proxy(), se:cdp: ws://localhost:58124/devtoo..., se:cdpVersion: 142.0.7444.60, setWindowRect: true, strictFileInteractability: false, timeouts: {implicit: 0, pageLoad: 300000, script: 30000}, unhandledPromptBehavior: dismiss and notify, webauthn:extension:credBlob: true, webauthn:extension:largeBlob: true, webauthn:extension:minPinLength: true, webauthn:extension:prf: true, webauthn:virtualAuthenticators: true}&#10;Session ID: 20e2bd326d2c6899731d6ea48c7a3c49" type="org.openqa.selenium.TimeoutException"><![CDATA[org.openqa.selenium.TimeoutException: 
Expected condition failed: waiting for element ([[ChromeDriver: chrome on windows (20e2bd326d2c6899731d6ea48c7a3c49)] -> class name: inventory_item_name]) to become stale (tried for 10 second(s) with 500 milliseconds interval)
Build info: version: '4.15.0', revision: '1d14b5521b'
System info: os.name: 'Windows 11', os.arch: 'amd64', os.version: '10.0', java.version: '17.0.15'
Driver info: org.openqa.selenium.chrome.ChromeDriver
Capabilities {acceptInsecureCerts: false, browserName: chrome, browserVersion: 142.0.7444.60, chrome: {chromedriverVersion: 142.0.7444.61 (9884f628acbc..., userDataDir: C:\Users\miyam\AppData\Loca...}, fedcm:accounts: true, goog:chromeOptions: {debuggerAddress: localhost:58124}, goog:processID: 3676, networkConnectionEnabled: false, pageLoadStrategy: normal, platformName: windows, proxy: Proxy(), se:cdp: ws://localhost:58124/devtoo..., se:cdpVersion: 142.0.7444.60, setWindowRect: true, strictFileInteractability: false, timeouts: {implicit: 0, pageLoad: 300000, script: 30000}, unhandledPromptBehavior: dismiss and notify, webauthn:extension:credBlob: true, webauthn:extension:largeBlob: true, webauthn:extension:minPinLength: true, webauthn:extension:prf: true, webauthn:virtualAuthenticators: true}
Session ID: 20e2bd326d2c6899731d6ea48c7a3c49
	at org.openqa.selenium.support.ui.WebDriverWait.timeoutException(WebDriverWait.java:84)
	at org.openqa.selenium.support.ui.FluentWait.until(FluentWait.java:229)
	at com.mycompany.nhom08.Nhom08NGTest.test06_SortProductsByName(Nhom08NGTest.java:324)
	at java.base/jdk.internal.reflect.NativeMethodAccessorImpl.invoke0(Native Method)
	at java.base/jdk.internal.reflect.NativeMethodAccessorImpl.invoke(NativeMethodAccessorImpl.java:77)
	at java.base/jdk.internal.reflect.DelegatingMethodAccessorImpl.invoke(DelegatingMethodAccessorImpl.java:43)
	at java.base/java.lang.reflect.Method.invoke(Method.java:569)
	at org.testng.internal.invokers.MethodInvocationHelper.invokeMethod(MethodInvocationHelper.java:139)
	at org.testng.internal.invokers.TestInvoker.invokeMethod(TestInvoker.java:664)
	at org.testng.internal.invokers.TestInvoker.invokeTestMethod(TestInvoker.java:227)
	at org.testng.internal.invokers.MethodRunner.runInSequence(MethodRunner.java:50)
	at org.testng.internal.invokers.TestInvoker$MethodInvocationAgent.invoke(TestInvoker.java:957)
	at org.testng.internal.invokers.TestInvoker.invokeTestMethods(TestInvoker.java:200)
	at org.testng.internal.invokers.TestMethodWorker.invokeTestMethods(TestMethodWorker.java:148)
	at org.testng.internal.invokers.TestMethodWorker.run(TestMethodWorker.java:128)
	at java.base/java.util.ArrayList.forEach(ArrayList.java:1511)
	at org.testng.TestRunner.privateRun(TestRunner.java:848)
	at org.testng.TestRunner.run(TestRunner.java:621)
	at org.testng.SuiteRunner.runTest(SuiteRunner.java:443)
	at org.testng.SuiteRunner.runSequentially(SuiteRunner.java:437)
	at org.testng.SuiteRunner.privateRun(SuiteRunner.java:397)
	at org.testng.SuiteRunner.run(SuiteRunner.java:336)
	at org.testng.SuiteRunnerWorker.runSuite(SuiteRunnerWorker.java:52)
	at org.testng.SuiteRunnerWorker.run(SuiteRunnerWorker.java:95)
	at org.testng.TestNG.runSuitesSequentially(TestNG.java:1280)
	at org.testng.TestNG.runSuitesLocally(TestNG.java:1200)
	at org.testng.TestNG.runSuites(TestNG.java:1114)
	at org.testng.TestNG.run(TestNG.java:1082)
	at org.apache.maven.surefire.testng.TestNGExecutor.run(TestNGExecutor.java:155)
	at org.apache.maven.surefire.testng.TestNGDirectoryTestSuite.executeSingleClass(TestNGDirectoryTestSuite.java:102)
	at org.apache.maven.surefire.testng.TestNGDirectoryTestSuite.execute(TestNGDirectoryTestSuite.java:91)
	at org.apache.maven.surefire.testng.TestNGProvider.invoke(TestNGProvider.java:137)
	at org.apache.maven.surefire.booter.ForkedBooter.runSuitesInProcess(ForkedBooter.java:385)
	at org.apache.maven.surefire.booter.ForkedBooter.execute(ForkedBooter.java:162)
	at org.apache.maven.surefire.booter.ForkedBooter.run(ForkedBooter.java:507)
	at org.apache.maven.surefire.booter.ForkedBooter.main(ForkedBooter.java:495)
]]></failure>
    <system-out><![CDATA[  -> Da luu ket qua: test05_RemoveProductFromCart
>> test05_RemoveProductFromCart: PASS (13624ms)

[TEST 6] Dang test sap xep san pham theo ten...
]]></system-out>
  </testcase>
  <testcase name="test07_SortProductsByPrice" classname="com.mycompany.nhom08.Nhom08NGTest" time="10.377">
    <failure message="Expected condition failed: waiting for element ([[ChromeDriver: chrome on windows (20e2bd326d2c6899731d6ea48c7a3c49)] -&gt; class name: inventory_item_price]) to become stale (tried for 10 second(s) with 500 milliseconds interval)&#10;Build info: version: &apos;4.15.0&apos;, revision: &apos;1d14b5521b&apos;&#10;System info: os.name: &apos;Windows 11&apos;, os.arch: &apos;amd64&apos;, os.version: &apos;10.0&apos;, java.version: &apos;17.0.15&apos;&#10;Driver info: org.openqa.selenium.chrome.ChromeDriver&#10;Capabilities {acceptInsecureCerts: false, browserName: chrome, browserVersion: 142.0.7444.60, chrome: {chromedriverVersion: 142.0.7444.61 (9884f628acbc..., userDataDir: C:\Users\miyam\AppData\Loca...}, fedcm:accounts: true, goog:chromeOptions: {debuggerAddress: localhost:58124}, goog:processID: 3676, networkConnectionEnabled: false, pageLoadStrategy: normal, platformName: windows, proxy: Proxy(), se:cdp: ws://localhost:58124/devtoo..., se:cdpVersion: 142.0.7444.60, setWindowRect: true, strictFileInteractability: false, timeouts: {implicit: 0, pageLoad: 300000, script: 30000}, unhandledPromptBehavior: dismiss and notify, webauthn:extension:credBlob: true, webauthn:extension:largeBlob: true, webauthn:extension:minPinLength: true, webauthn:extension:prf: true, webauthn:virtualAuthenticators: true}&#10;Session ID: 20e2bd326d2c6899731d6ea48c7a3c49" type="org.openqa.selenium.TimeoutException"><![CDATA[org.openqa.selenium.TimeoutException: 
Expected condition failed: waiting for element ([[ChromeDriver: chrome on windows (20e2bd326d2c6899731d6ea48c7a3c49)] -> class name: inventory_item_price]) to become stale (tried for 10 second(s) with 500 milliseconds interval)
Build info: version: '4.15.0', revision: '1d14b5521b'
System info: os.name: 'Windows 11', os.arch: 'amd64', os.version: '10.0', java.version: '17.0.15'
Driver info: org.openqa.selenium.chrome.ChromeDriver
Capabilities {acceptInsecureCerts: false, browserName: chrome, browserVersion: 142.0.7444.60, chrome: {chromedriverVersion: 142.0.7444.61 (9884f628acbc..., userDataDir: C:\Users\miyam\AppData\Loca...}, fedcm:accounts: true, goog:chromeOptions: {debuggerAddress: localhost:58124}, goog:processID: 3676, networkConnectionEnabled: false, pageLoadStrategy: normal, platformName: windows, proxy: Proxy(), se:cdp: ws://localhost:58124/devtoo..., se:cdpVersion: 142.0.7444.60, setWindowRect: true, strictFileInteractability: false, timeouts: {implicit: 0, pageLoad: 300000, script: 30000}, unhandledPromptBehavior: dismiss and notify, webauthn:extension:credBlob: true, webauthn:extension:largeBlob: true, webauthn:extension:minPinLength: true, webauthn:extension:prf: true, webauthn:virtualAuthenticators: true}
Session ID: 20e2bd326d2c6899731d6ea48c7a3c49
	at org.openqa.selenium.support.ui.WebDriverWait.timeoutException(WebDriverWait.java:84)
	at org.openqa.selenium.support.ui.FluentWait.until(FluentWait.java:229)
	at com.mycompany.nhom08.Nhom08NGTest.test07_SortProductsByPrice(Nhom08NGTest.java:353)
	at java.base/jdk.internal.reflect.NativeMethodAccessorImpl.invoke0(Native Method)
	at java.base/jdk.internal.reflect.NativeMethodAccessorImpl.invoke(NativeMethodAccessorImpl.java:77)
	at java.base/jdk.internal.reflect.DelegatingMethodAccessorImpl.invoke(DelegatingMethodAccessorImpl.java:43)
	at java.base/java.lang.reflect.Method.invoke(Method.java:569)
	at org.testng.internal.invokers.MethodInvocationHelper.invokeMethod(MethodInvocationHelper.java:139)
	at org.testng.internal.invokers.TestInvoker.invokeMethod(TestInvoker.java:664)
	at org.testng.internal.invokers.TestInvoker.invokeTestMethod(TestInvoker.java:227)
	at org.testng.internal.invokers.MethodRunner.runInSequence(MethodRunner.java:50)
	at org.testng.internal.invokers.TestInvoker$MethodInvocationAgent.invoke(TestInvoker.java:957)
	at org.testng.internal.invokers.TestInvoker.invokeTestMethods(TestInvoker.java:200)
	at org.testng.internal.invokers.TestMethodWorker.invokeTestMethods(TestMethodWorker.java:148)
	at org.testng.internal.invokers.TestMethodWorker.run(TestMethodWorker.java:128)
	at java.base/java.util.ArrayList.forEach(ArrayList.java:1511)
	at org.testng.TestRunner.privateRun(TestRunner.java:848)
	at org.testng.TestRunner.run(TestRunner.java:621)
	at org.testng.SuiteRunner.runTest(SuiteRunner.java:443)
	at org.testng.SuiteRunner.runSequentially(SuiteRunner.java:437)
	at org.testng.SuiteRunner.privateRun(SuiteRunner.java:397)
	at org.testng.SuiteRunner.run(SuiteRunner.java:336)
	at org.testng.SuiteRunnerWorker.runSuite(SuiteRunnerWorker.java:52)
	at org.testng.SuiteRunnerWorker.run(SuiteRunnerWorker.java:95)
	at org.testng.TestNG.runSuitesSequentially(TestNG.java:1280)
	at org.testng.TestNG.runSuitesLocally(TestNG.java:1200)
	at org.testng.TestNG.runSuites(TestNG.java:1114)
	at org.testng.TestNG.run(TestNG.java:1082)
	at org.apache.maven.surefire.testng.TestNGExecutor.run(TestNGExecutor.java:155)
	at org.apache.maven.surefire.testng.TestNGDirectoryTestSuite.executeSingleClass(TestNGDirectoryTestSuite.java:102)
	at org.apache.maven.surefire.testng.TestNGDirectoryTestSuite.execute(TestNGDirectoryTestSuite.java:91)
	at org.apache.maven.surefire.testng.TestNGProvider.invoke(TestNGProvider.java:137)
	at org.apache.maven.surefire.booter.ForkedBooter.runSuitesInProcess(ForkedBooter.java:385)
	at org.apache.maven.surefire.booter.ForkedBooter.execute(ForkedBooter.java:162)
	at org.apache.maven.surefire.booter.ForkedBooter.run(ForkedBooter.java:507)
	at org.apache.maven.surefire.booter.ForkedBooter.main(ForkedBooter.java:495)
]]></failure>
    <system-out><![CDATA[  -> Da luu ket qua: test06_SortProductsByName
>> test06_SortProductsByName: FAIL (13041ms)

[TEST 7] Dang test sap xep san pham theo gia...
]]></system-out>
  </testcase>
  <testcase name="test08_VerifyProductCount" classname="com.mycompany.nhom08.Nhom08NGTest" time="0.019">
    <system-out><![CDATA[  -> Da luu ket qua: test07_SortProductsByPrice
>> test07_SortProductsByPrice: FAIL (11881ms)

[TEST 8] Dang test so luong san pham...
[OK] Test 8 hoan thanh
]]></system-out>
  </testcase>
  <testcase name="test09_ViewProductDetails" classname="com.mycompany.nhom08.Nhom08NGTest" time="3.171">
    <system-out><![CDATA[  -> Da luu ket qua: test08_VerifyProductCount
>> test08_VerifyProductCount: PASS (1534ms)

[TEST 9] Dang test xem chi tiet san pham...
[OK] Test 9 hoan thanh
]]></system-out>
  </testcase>
  <testcase name="test10_NavigateToCart" classname="com.mycompany.nhom08.Nhom08NGTest" time="2.13">
    <system-out><![CDATA[  -> Da luu ket qua: test09_ViewProductDetails
>> test09_ViewProductDetails: PASS (4677ms)

[TEST 10] Dang test di chuyen toi gio hang...
[OK] Test 10 hoan thanh
]]></system-out>
  </testcase>
</testsuite>