<?xml version="1.0" encoding="UTF-8"?>
<testsuite xmlns:xsi="http://www.w3.org/2001/XMLSchema-instance" xsi:noNamespaceSchemaLocation="https://maven.apache.org/surefire/maven-surefire-plugin/xsd/surefire-test-report-3.0.xsd" version="3.0" name="com.mycompany.nhom08.LoginNGTest" time="41.773" tests="20" errors="0" skipped="0" failures="4">
  <properties>
[...]
</properties>
  <testcase name="test01_Login_Success" classname="com.mycompany.nhom08.LoginNGTest" time="1.974">
    <system-out><![CDATA[Da xoa ket qua cu, san sang cho test moi
============================================================
BAT DAU CHAY 20 TEST CASES - SAUCEDEMO.COM
(16 PASS + 4 FAIL = 20% FAIL RATE)
============================================================

[SETUP] Dang nhap 1 lan duy nhat...
[SETUP] Da dang nhap thanh cong - Bat dau chay test

[TEST 1] Dang test dang nhap thanh cong...
[OK] Test 1 hoan thanh (Da dang nhap lai)
]]></system-out>
    <system-err><![CDATA[SLF4J: No SLF4J providers were found.
SLF4J: Defaulting to no-operation (NOP) logger implementation
SLF4J: See https://www.slf4j.org/codes.html#noProviders for further details.
thg 11 10, 2025 9:21:30 CH org.openqa.selenium.devtools.CdpVersionFinder findNearestMatch
WARNING: Unable to find CDP implementation matching 142
thg 11 10, 2025 9:21:30 CH org.openqa.selenium.chromium.ChromiumDriver lambda$new$5
WARNING: Unable to find version of CDP to use for 142.0.7444.60. You may need to include a dependency on a specific version of the CDP using something similar to `org.seleniumhq.selenium:selenium-devtools-v86:4.15.0` where the version ("v86") matches the version of the chromium-based browser you're using and the version number of the artifact is the same as Selenium's.
]]></system-err>
  </testcase>
  <testcase name="test02_Login_LockedUser" classname="com.mycompany.nhom08.LoginNGTest" time="3.281">
    <system-out><![CDATA[  -> Da luu ket qua: test01_Login_Success
>> test01_Login_Success: PASS (2674ms)

[TEST 2] Dang test locked user...
[TEST 2] Dang log in lai (standard_user) de chuan bi cho test tiep theo...
[OK] Test 2 hoan thanh (Da khoi phuc trang thai)
]]></system-out>
  </testcase>
  <testcase name="test03_Login_InvalidPassword" classname="com.mycompany.nhom08.LoginNGTest" time="6.721">
    <system-out><![CDATA[  -> Da luu ket qua: test02_Login_LockedUser
>> test02_Login_LockedUser: PASS (3903ms)

[TEST 3] Dang test mat khau sai...
[TEST 3] Dang log in lai (standard_user) de chuan bi cho test tiep theo...
[OK] Test 3 hoan thanh (Da khoi phuc trang thai)
]]></system-out>
  </testcase>
  <testcase name="TC04" classname="com.mycompany.nhom08.LoginNGTest" time="0.107">
    <system-out><![CDATA[  -> Da luu ket qua: test03_Login_InvalidPassword
>> test03_Login_InvalidPassword: PASS (7374ms)

[TC04] Kiem tra mo ta san pham
[TC04] PASS
]]></system-out>
  </testcase>
  <testcase name="TC05" classname="com.mycompany.nhom08.LoginNGTest" time="1.064">
    <system-out><![CDATA[  -> Da luu ket qua: TC04
>> TC04: PASS (719ms)

[TC05] Kiem tra chuyen den trang gio hang
[TC05] PASS
]]></system-out>
  </testcase>
  <testcase name="TC06" classname="com.mycompany.nhom08.LoginNGTest" time="2.097">
    <system-out><![CDATA[  -> Da luu ket qua: TC05
>> TC05: PASS (1664ms)
[WARNING] Phat hien trang thai da bi log-out. Dang thu vao lai trang inventory...

[TC06] Kiem tra quay ve trang san pham
[TC06] PASS
]]></system-out>
  </testcase>
  <testcase name="TC07" classname="com.mycompany.nhom08.LoginNGTest" time="1.071">
    <system-out><![CDATA[  -> Da luu ket qua: TC06
>> TC06: PASS (3190ms)

[TC07] Kiem tra xem chi tiet san pham
[TC07] PASS
]]></system-out>
  </testcase>
  <testcase name="TC08" classname="com.mycompany.nhom08.LoginNGTest" time="2.608">
    <system-out><![CDATA[  -> Da luu ket qua: TC07
>> TC07: PASS (1690ms)
[WARNING] Phat hien trang thai da bi log-out. Dang thu vao lai trang inventory...

[TC08] Kiem tra nut back tu chi tiet
[TC08] PASS
]]></system-out>
  </testcase>
  <testcase name="TC09" classname="com.mycompany.nhom08.LoginNGTest" time="0.015">
    <system-out><![CDATA[  -> Da luu ket qua: TC08
>> TC08: PASS (3689ms)

[TC09] Kiem tra so luong san pham
[TC09] PASS
]]></system-out>
  </testcase>
  <testcase name="TC10" classname="com.mycompany.nhom08.LoginNGTest" time="0.018">
    <system-out><![CDATA[  -> Da luu ket qua: TC09
>> TC09: PASS (627ms)

[TC10] Kiem tra app logo
[TC10] PASS
]]></system-out>
  </testcase>
  <testcase name="TC11" classname="com.mycompany.nhom08.LoginNGTest" time="0.12">
    <system-out><![CDATA[  -> Da luu ket qua: TC10
>> TC10: PASS (626ms)

[TC11] Kiem tra ten san pham hien thi
[TC11] PASS
]]></system-out>
  </testcase>
  <testcase name="TC12" classname="com.mycompany.nhom08.LoginNGTest" time="0.062">
    <system-out><![CDATA[  -> Da luu ket qua: TC11
>> TC11: PASS (727ms)

[TC12] Kiem tra gia san pham hien thi
[TC12] PASS
]]></system-out>
  </testcase>
  <testcase name="TC13" classname="com.mycompany.nhom08.LoginNGTest" time="1.593">
    <system-out><![CDATA[  -> Da luu ket qua: TC12
>> TC12: PASS (670ms)

[TC13] Kiem tra hamburger menu
[TC13] PASS
]]></system-out>
  </testcase>
  <testcase name="TC14" classname="com.mycompany.nhom08.LoginNGTest" time="0.023">
    <system-out><![CDATA[  -> Da luu ket qua: TC13
>> TC13: PASS (2197ms)

[TC14] Kiem tra footer social links
[TC14] PASS
]]></system-out>
  </testcase>
  <testcase name="TC15" classname="com.mycompany.nhom08.LoginNGTest" time="0.068">
    <system-out><![CDATA[  -> Da luu ket qua: TC14
>> TC14: PASS (639ms)

[TC15] Kiem tra hinh anh san pham
[TC15] PASS
]]></system-out>
  </testcase>
  <testcase name="TC16" classname="com.mycompany.nhom08.LoginNGTest" time="1.047">
    <system-out><![CDATA[  -> Da luu ket qua: TC15
>> TC15: PASS (761ms)

[TC16] Kiem tra shopping cart icon
[TC16] PASS
]]></system-out>
  </testcase>
  <testcase name="TC17" classname="com.mycompany.nhom08.LoginNGTest" time="0.011">
    <failure message="expected [10] but found [6]" type="java.lang.AssertionError"><![CDATA[java.lang.AssertionError: expected [10] but found [6]
	at org.testng.Assert.fail(Assert.java:111)
	at org.testng.Assert.failNotEquals(Assert.java:1578)
	at org.testng.Assert.assertEqualsImpl(Assert.java:150)
	at org.testng.Assert.assertEquals(Assert.java:132)
	at org.testng.Assert.assertEquals(Assert.java:1419)
	at org.testng.Assert.assertEquals(Assert.java:1383)
	at org.testng.Assert.assertEquals(Assert.java:1429)
	at com.mycompany.nhom08.LoginNGTest.TC17(LoginNGTest.java:396)
	at java.base/jdk.internal.reflect.NativeMethodAccessorImpl.invoke0(Native Method)
	at java.base/jdk.internal.reflect.NativeMethodAccessorImpl.invoke(NativeMethodAccessorImpl.java:77)
	at java.base/jdk.internal.reflect.DelegatingMethodAccessorImpl.invoke(DelegatingMethodAccessorImpl.java:43)
	at java.base/java.lang.reflect.Method.invoke(Method.java:569)
	at org.testng.internal.invokers.MethodInvocationHelper.invokeMethod(MethodInvocationHelper.java:139)
	at org.testng.internal.invokers.TestInvoker.invokeMethod(TestInvoker.java:664)
	at org.testng.internal.invokers.TestInvoker.invokeTestMethod(TestInvoker.java:227)
	at org.testng.internal.invokers.MethodRunner.runInSequence(MethodRunner.java:50)
	at org.testng.internal.invokers.TestInvoker$MethodInvocationAgent.invoke(TestInvoker.java:957)
	at org.testng.internal.invokers.TestInvoker.invokeTestMethods(TestInvoker.java:200)
	at org.testng.internal.invokers.TestMethodWorker.invokeTestMethods(TestMethodWorker.java:148)
	at org.testng.internal.invokers.TestMethodWorker.run(TestMethodWorker.java:128)
	at java.base/java.util.ArrayList.forEach(ArrayList.java:1511)
	at org.testng.TestRunner.privateRun(TestRunner.java:848)
	at org.testng.TestRunner.run(TestRunner.java:621)
	at org.testng.SuiteRunner.runTest(SuiteRunner.java:443)
	at org.testng.SuiteRunner.runSequentially(SuiteRunner.java:437)
	at org.testng.SuiteRunner.privateRun(SuiteRunner.java:397)
	at org.testng.SuiteRunner.run(SuiteRunner.java:336)
	at org.testng.SuiteRunnerWorker.runSuite(SuiteRunnerWorker.java:52)
	at org.testng.SuiteRunnerWorker.run(SuiteRunnerWorker.java:95)
	at org.testng.TestNG.runSuitesSequentially(TestNG.java:1280)
	at org.testng.TestNG.runSuitesLocally(TestNG.java:1200)
	at org.testng.TestNG.runSuites(TestNG.java:1114)
	at org.testng.TestNG.run(TestNG.java:1082)
	at org.apache.maven.surefire.testng.TestNGExecutor.run(TestNGExecutor.java:155)
	at org.apache.maven.surefire.testng.TestNGDirectoryTestSuite.executeSingleClass(TestNGDirectoryTestSuite.java:102)
	at org.apache.maven.surefire.testng.TestNGDirectoryTestSuite.execute(TestNGDirectoryTestSuite.java:91)
	at org.apache.maven.surefire.testng.TestNGProvider.invoke(TestNGProvider.java:137)
	at org.apache.maven.surefire.booter.ForkedBooter.runSuitesInProcess(ForkedBooter.java:385)
	at org.apache.maven.surefire.booter.ForkedBooter.execute(ForkedBooter.java:162)
	at org.apache.maven.surefire.booter.ForkedBooter.run(ForkedBooter.java:507)
	at org.apache.maven.surefire.booter.ForkedBooter.main(ForkedBooter.java:495)
]]></failure>
    <system-out><![CDATA[  -> Da luu ket qua: TC16
>> TC16: PASS (1693ms)
[WARNING] Phat hien trang thai da bi log-out. Dang thu vao lai trang inventory...

[TC17] Kiem tra so luong san pham sai - FAIL
]]></system-out>
  </testcase>
  <testcase name="TC18" classname="com.mycompany.nhom08.LoginNGTest" time="0.023">
    <failure message="expected [$99.99] but found [$29.99]" type="java.lang.AssertionError"><![CDATA[java.lang.AssertionError: expected [$99.99] but found [$29.99]
	at org.testng.Assert.fail(Assert.java:111)
	at org.testng.Assert.failNotEquals(Assert.java:1578)
	at org.testng.Assert.assertEqualsImpl(Assert.java:150)
	at org.testng.Assert.assertEquals(Assert.java:132)
	at org.testng.Assert.assertEquals(Assert.java:656)
	at org.testng.Assert.assertEquals(Assert.java:666)
	at com.mycompany.nhom08.LoginNGTest.TC18(LoginNGTest.java:408)
	at java.base/jdk.internal.reflect.NativeMethodAccessorImpl.invoke0(Native Method)
	at java.base/jdk.internal.reflect.NativeMethodAccessorImpl.invoke(NativeMethodAccessorImpl.java:77)
	at java.base/jdk.internal.reflect.DelegatingMethodAccessorImpl.invoke(DelegatingMethodAccessorImpl.java:43)
	at java.base/java.lang.reflect.Method.invoke(Method.java:569)
	at org.testng.internal.invokers.MethodInvocationHelper.invokeMethod(MethodInvocationHelper.java:139)
	at org.testng.internal.invokers.TestInvoker.invokeMethod(TestInvoker.java:664)
	at org.testng.internal.invokers.TestInvoker.invokeTestMethod(TestInvoker.java:227)
	at org.testng.internal.invokers.MethodRunner.runInSequence(MethodRunner.java:50)
	at org.testng.internal.invokers.TestInvoker$MethodInvocationAgent.invoke(TestInvoker.java:957)
	at org.testng.internal.invokers.TestInvoker.invokeTestMethods(TestInvoker.java:200)
	at org.testng.internal.invokers.TestMethodWorker.invokeTestMethods(TestMethodWorker.java:148)
	at org.testng.internal.invokers.TestMethodWorker.run(TestMethodWorker.java:128)
	at java.base/java.util.ArrayList.forEach(ArrayList.java:1511)
	at org.testng.TestRunner.privateRun(TestRunner.java:848)
	at org.testng.TestRunner.run(TestRunner.java:621)
	at org.testng.SuiteRunner.runTest(SuiteRunner.java:443)
	at org.testng.SuiteRunner.runSequentially(SuiteRunner.java:437)
	at org.testng.SuiteRunner.privateRun(SuiteRunner.java:397)
	at org.testng.SuiteRunner.run(SuiteRunner.java:336)
	at org.testng.SuiteRunnerWorker.runSuite(SuiteRunnerWorker.java:52)
	at org.testng.SuiteRunnerWorker.run(SuiteRunnerWorker.java:95)
	at org.testng.TestNG.runSuitesSequentially(TestNG.java:1280)
	at org.testng.TestNG.runSuitesLocally(TestNG.java:1200)
	at org.testng.TestNG.runSuites(TestNG.java:1114)
	at org.testng.TestNG.run(TestNG.java:1082)
	at org.apache.maven.surefire.testng.TestNGExecutor.run(TestNGExecutor.java:155)
	at org.apache.maven.surefire.testng.TestNGDirectoryTestSuite.executeSingleClass(TestNGDirectoryTestSuite.java:102)
	at org.apache.maven.surefire.testng.TestNGDirectoryTestSuite.execute(TestNGDirectoryTestSuite.java:91)
	at org.apache.maven.surefire.testng.TestNGProvider.invoke(TestNGProvider.java:137)
	at org.apache.maven.surefire.booter.ForkedBooter.runSuitesInProcess(ForkedBooter.java:385)
	at org.apache.maven.surefire.booter.ForkedBooter.execute(ForkedBooter.java:162)
	at org.apache.maven.surefire.booter.ForkedBooter.run(ForkedBooter.java:507)
	at org.apache.maven.surefire.booter.ForkedBooter.main(ForkedBooter.java:495)
]]></failure>
    <system-out><![CDATA[  -> Da luu ket qua: TC17
>> TC17: FAIL (1098ms)

[TC18] Kiem tra gia san pham dau tien - FAIL
]]></system-out>
  </testcase>
  <testcase name="TC19" classname="com.mycompany.nhom08.LoginNGTest" time="1.113">
    <failure message="expected [5] but found [2]" type="java.lang.AssertionError"><![CDATA[java.lang.AssertionError: expected [5] but found [2]
	at org.testng.Assert.fail(Assert.java:111)
	at org.testng.Assert.failNotEquals(Assert.java:1578)
	at org.testng.Assert.assertEqualsImpl(Assert.java:150)
	at org.testng.Assert.assertEquals(Assert.java:132)
	at org.testng.Assert.assertEquals(Assert.java:656)
	at org.testng.Assert.assertEquals(Assert.java:666)
	at com.mycompany.nhom08.LoginNGTest.TC19(LoginNGTest.java:424)
	at java.base/jdk.internal.reflect.NativeMethodAccessorImpl.invoke0(Native Method)
	at java.base/jdk.internal.reflect.NativeMethodAccessorImpl.invoke(NativeMethodAccessorImpl.java:77)
	at java.base/jdk.internal.reflect.DelegatingMethodAccessorImpl.invoke(DelegatingMethodAccessorImpl.java:43)
	at java.base/java.lang.reflect.Method.invoke(Method.java:569)
	at org.testng.internal.invokers.MethodInvocationHelper.invokeMethod(MethodInvocationHelper.java:139)
	at org.testng.internal.invokers.TestInvoker.invokeMethod(TestInvoker.java:664)
	at org.testng.internal.invokers.TestInvoker.invokeTestMethod(TestInvoker.java:227)
	at org.testng.internal.invokers.MethodRunner.runInSequence(MethodRunner.java:50)
	at org.testng.internal.invokers.TestInvoker$MethodInvocationAgent.invoke(TestInvoker.java:957)
	at org.testng.internal.invokers.TestInvoker.invokeTestMethods(TestInvoker.java:200)
	at org.testng.internal.invokers.TestMethodWorker.invokeTestMethods(TestMethodWorker.java:148)
	at org.testng.internal.invokers.TestMethodWorker.run(TestMethodWorker.java:128)
	at java.base/java.util.ArrayList.forEach(ArrayList.java:1511)
	at org.testng.TestRunner.privateRun(TestRunner.java:848)
	at org.testng.TestRunner.run(TestRunner.java:621)
	at org.testng.SuiteRunner.runTest(SuiteRunner.java:443)
	at org.testng.SuiteRunner.runSequentially(SuiteRunner.java:437)
	at org.testng.SuiteRunner.privateRun(SuiteRunner.java:397)
	at org.testng.SuiteRunner.run(SuiteRunner.java:336)
	at org.testng.SuiteRunnerWorker.runSuite(SuiteRunnerWorker.java:52)
	at org.testng.SuiteRunnerWorker.run(SuiteRunnerWorker.java:95)
	at org.testng.TestNG.runSuitesSequentially(TestNG.java:1280)
	at org.testng.TestNG.runSuitesLocally(TestNG.java:1200)
	at org.testng.TestNG.runSuites(TestNG.java:1114)
	at org.testng.TestNG.run(TestNG.java:1082)
	at org.apache.maven.surefire.testng.TestNGExecutor.run(TestNGExecutor.java:155)
	at org.apache.maven.surefire.testng.TestNGDirectoryTestSuite.executeSingleClass(TestNGDirectoryTestSuite.java:102)
	at org.apache.maven.surefire.testng.TestNGDirectoryTestSuite.execute(TestNGDirectoryTestSuite.java:91)
	at org.apache.maven.surefire.testng.TestNGProvider.invoke(TestNGProvider.java:137)
	at org.apache.maven.surefire.booter.ForkedBooter.runSuitesInProcess(ForkedBooter.java:385)
	at org.apache.maven.surefire.booter.ForkedBooter.execute(ForkedBooter.java:162)
	at org.apache.maven.surefire.booter.ForkedBooter.run(ForkedBooter.java:507)
	at org.apache.maven.surefire.booter.ForkedBooter.main(ForkedBooter.java:495)
]]></failure>
    <system-out><![CDATA[  -> Da luu ket qua: TC18
>> TC18: FAIL (643ms)

[TC19] Kiem tra badge gio hang sai - FAIL
]]></system-out>
  </testcase>
  <testcase name="TC20" classname="com.mycompany.nhom08.LoginNGTest" time="0.016">
    <failure message="expected [All Products] but found [Products]" type="java.lang.AssertionError"><![CDATA[java.lang.AssertionError: expected [All Products] but found [Products]
	at org.testng.Assert.fail(Assert.java:111)
	at org.testng.Assert.failNotEquals(Assert.java:1578)
	at org.testng.Assert.assertEqualsImpl(Assert.java:150)
	at org.testng.Assert.assertEquals(Assert.java:132)
	at org.testng.Assert.assertEquals(Assert.java:656)
	at org.testng.Assert.assertEquals(Assert.java:666)
	at com.mycompany.nhom08.LoginNGTest.TC20(LoginNGTest.java:435)
	at java.base/jdk.internal.reflect.NativeMethodAccessorImpl.invoke0(Native Method)
	at java.base/jdk.internal.reflect.NativeMethodAccessorImpl.invoke(NativeMethodAccessorImpl.java:77)
	at java.base/jdk.internal.reflect.DelegatingMethodAccessorImpl.invoke(DelegatingMethodAccessorImpl.java:43)
	at java.base/java.lang.reflect.Method.invoke(Method.java:569)
	at org.testng.internal.invokers.MethodInvocationHelper.invokeMethod(MethodInvocationHelper.java:139)
	at org.testng.internal.invokers.TestInvoker.invokeMethod(TestInvoker.java:664)
	at org.testng.internal.invokers.TestInvoker.invokeTestMethod(TestInvoker.java:227)
	at org.testng.internal.invokers.MethodRunner.runInSequence(MethodRunner.java:50)
	at org.testng.internal.invokers.TestInvoker$MethodInvocationAgent.invoke(TestInvoker.java:957)
	at org.testng.internal.invokers.TestInvoker.invokeTestMethods(TestInvoker.java:200)
	at org.testng.internal.invokers.TestMethodWorker.invokeTestMethods(TestMethodWorker.java:148)
	at org.testng.internal.invokers.TestMethodWorker.run(TestMethodWorker.java:128)
	at java.base/java.util.ArrayList.forEach(ArrayList.java:1511)
	at org.testng.TestRunner.privateRun(TestRunner.java:848)
	at org.testng.TestRunner.run(TestRunner.java:621)
	at org.testng.SuiteRunner.runTest(SuiteRunner.java:443)
	at org.testng.SuiteRunner.runSequentially(SuiteRunner.java:437)
	at org.testng.SuiteRunner.privateRun(SuiteRunner.java:397)
	at org.testng.SuiteRunner.run(SuiteRunner.java:336)
	at org.testng.SuiteRunnerWorker.runSuite(SuiteRunnerWorker.java:52)
	at org.testng.SuiteRunnerWorker.run(SuiteRunnerWorker.java:95)
	at org.testng.TestNG.runSuitesSequentially(TestNG.java:1280)
	at org.testng.TestNG.runSuitesLocally(TestNG.java:1200)
	at org.testng.TestNG.runSuites(TestNG.java:1114)
	at org.testng.TestNG.run(TestNG.java:1082)
	at org.apache.maven.surefire.testng.TestNGExecutor.run(TestNGExecutor.java:155)
	at org.apache.maven.surefire.testng.TestNGDirectoryTestSuite.executeSingleClass(TestNGDirectoryTestSuite.java:102)
	at org.apache.maven.surefire.testng.TestNGDirectoryTestSuite.execute(TestNGDirectoryTestSuite.java:91)
	at org.apache.maven.surefire.testng.TestNGProvider.invoke(TestNGProvider.java:137)
	at org.apache.maven.surefire.booter.ForkedBooter.runSuitesInProcess(ForkedBooter.java:385)
	at org.apache.maven.surefire.booter.ForkedBooter.execute(ForkedBooter.java:162)
	at org.apache.maven.surefire.booter.ForkedBooter.run(ForkedBooter.java:507)
	at org.apache.maven.surefire.booter.ForkedBooter.main(ForkedBooter.java:495)
]]></failure>
    <system-out><![CDATA[  -> Da luu ket qua: TC19
>> TC19: FAIL (1728ms)

[TC20] Kiem tra tieu de trang sai - FAIL
]]></system-out>
  </testcase>
</testsuite>