<?xml version="1.0" encoding="UTF-8"?>
<testng-results ignored="0" total="20" passed="16" failed="4" skipped="0">
  <reporter-output>
  </reporter-output>
  <suite started-at="2025-11-10T21:38:38 ICT" name="Surefire suite" finished-at="2025-11-10T21:39:55 ICT" duration-ms="76616">
    <groups>
    </groups>
    <test started-at="2025-11-10T21:38:38 ICT" name="Surefire test" finished-at="2025-11-10T21:39:55 ICT" duration-ms="76616">
      <class name="com.mycompany.nhom08.LoginNGTest">
        <test-method is-config="true" signature="setupSuite()[pri:0, instance:com.mycompany.nhom08.LoginNGTest@78e117e3]" started-at="2025-11-10T21:38:34 ICT" name="setupSuite" finished-at="2025-11-10T21:38:38 ICT" duration-ms="3946" status="PASS">
          <reporter-output>
          </reporter-output>
        </test-method> <!-- setupSuite -->
        <test-method is-config="true" signature="setUpMethod()[pri:0, instance:com.mycompany.nhom08.LoginNGTest@78e117e3]" started-at="2025-11-10T21:38:38 ICT" name="setUpMethod" finished-at="2025-11-10T21:38:39 ICT" duration-ms="646" status="PASS">
          <reporter-output>
          </reporter-output>
        </test-method> <!-- setUpMethod -->
        <test-method signature="TC01()[pri:1, instance:com.mycompany.nhom08.LoginNGTest@78e117e3]" started-at="2025-11-10T21:38:39 ICT" name="TC01" finished-at="2025-11-10T21:38:43 ICT" duration-ms="3542" status="PASS">
          <reporter-output>
          </reporter-output>
        </test-method> <!-- TC01 -->
        <test-method is-config="true" signature="tearDownMethod(org.testng.ITestResult)[pri:0, instance:com.mycompany.nhom08.LoginNGTest@78e117e3]" started-at="2025-11-10T21:38:43 ICT" name="tearDownMethod" finished-at="2025-11-10T21:38:43 ICT" duration-ms="2" status="PASS">
          <params>
            <param index="0">
              <value>
                <![CDATA[[TestResult name=TC01 status=SUCCESS method=LoginNGTest.TC01()[pri:1, instance:com.mycompany.nhom08.LoginNGTest@78e117e3] output={null}]]]>
              </value>
            </param>
          </params>
          <reporter-output>
          </reporter-output>
        </test-method> <!-- tearDownMethod -->
        <test-method is-config="true" signature="setUpMethod()[pri:0, instance:com.mycompany.nhom08.LoginNGTest@78e117e3]" started-at="2025-11-10T21:38:43 ICT" name="setUpMethod" finished-at="2025-11-10T21:38:43 ICT" duration-ms="641" status="PASS">
          <reporter-output>
          </reporter-output>
        </test-method> <!-- setUpMethod -->
        <test-method signature="TC02()[pri:2, instance:com.mycompany.nhom08.LoginNGTest@78e117e3]" started-at="2025-11-10T21:38:43 ICT" name="TC02" finished-at="2025-11-10T21:38:53 ICT" duration-ms="9372" status="PASS">
          <reporter-output>
          </reporter-output>
        </test-method> <!-- TC02 -->
        <test-method is-config="true" signature="tearDownMethod(org.testng.ITestResult)[pri:0, instance:com.mycompany.nhom08.LoginNGTest@78e117e3]" started-at="2025-11-10T21:38:53 ICT" name="tearDownMethod" finished-at="2025-11-10T21:38:53 ICT" duration-ms="1" status="PASS">
          <params>
            <param index="0">
              <value>
                <![CDATA[[TestResult name=TC02 status=SUCCESS method=LoginNGTest.TC02()[pri:2, instance:com.mycompany.nhom08.LoginNGTest@78e117e3] output={null}]]]>
              </value>
            </param>
          </params>
          <reporter-output>
          </reporter-output>
        </test-method> <!-- tearDownMethod -->
        <test-method is-config="true" signature="setUpMethod()[pri:0, instance:com.mycompany.nhom08.LoginNGTest@78e117e3]" started-at="2025-11-10T21:38:53 ICT" name="setUpMethod" finished-at="2025-11-10T21:38:53 ICT" duration-ms="639" status="PASS">
          <reporter-output>
          </reporter-output>
        </test-method> <!-- setUpMethod -->
        <test-method signature="TC03()[pri:3, instance:com.mycompany.nhom08.LoginNGTest@78e117e3]" started-at="2025-11-10T21:38:53 ICT" name="TC03" finished-at="2025-11-10T21:39:03 ICT" duration-ms="9458" status="PASS">
          <reporter-output>
          </reporter-output>
        </test-method> <!-- TC03 -->
        <test-method is-config="true" signature="tearDownMethod(org.testng.ITestResult)[pri:0, instance:com.mycompany.nhom08.LoginNGTest@78e117e3]" started-at="2025-11-10T21:39:03 ICT" name="tearDownMethod" finished-at="2025-11-10T21:39:03 ICT" duration-ms="1" status="PASS">
          <params>
            <param index="0">
              <value>
                <![CDATA[[TestResult name=TC03 status=SUCCESS method=LoginNGTest.TC03()[pri:3, instance:com.mycompany.nhom08.LoginNGTest@78e117e3] output={null}]]]>
              </value>
            </param>
          </params>
          <reporter-output>
          </reporter-output>
        </test-method> <!-- tearDownMethod -->
        <test-method is-config="true" signature="setUpMethod()[pri:0, instance:com.mycompany.nhom08.LoginNGTest@78e117e3]" started-at="2025-11-10T21:39:03 ICT" name="setUpMethod" finished-at="2025-11-10T21:39:03 ICT" duration-ms="606" status="PASS">
          <reporter-output>
          </reporter-output>
        </test-method> <!-- setUpMethod -->
        <test-method signature="TC04()[pri:4, instance:com.mycompany.nhom08.LoginNGTest@78e117e3]" started-at="2025-11-10T21:39:03 ICT" name="TC04" finished-at="2025-11-10T21:39:05 ICT" duration-ms="1591" status="PASS">
          <reporter-output>
          </reporter-output>
        </test-method> <!-- TC04 -->
        <test-method is-config="true" signature="tearDownMethod(org.testng.ITestResult)[pri:0, instance:com.mycompany.nhom08.LoginNGTest@78e117e3]" started-at="2025-11-10T21:39:05 ICT" name="tearDownMethod" finished-at="2025-11-10T21:39:05 ICT" duration-ms="0" status="PASS">
          <params>
            <param index="0">
              <value>
                <![CDATA[[TestResult name=TC04 status=SUCCESS method=LoginNGTest.TC04()[pri:4, instance:com.mycompany.nhom08.LoginNGTest@78e117e3] output={null}]]]>
              </value>
            </param>
          </params>
          <reporter-output>
          </reporter-output>
        </test-method> <!-- tearDownMethod -->
        <test-method is-config="true" signature="setUpMethod()[pri:0, instance:com.mycompany.nhom08.LoginNGTest@78e117e3]" started-at="2025-11-10T21:39:05 ICT" name="setUpMethod" finished-at="2025-11-10T21:39:06 ICT" duration-ms="603" status="PASS">
          <reporter-output>
          </reporter-output>
        </test-method> <!-- setUpMethod -->
        <test-method signature="TC05()[pri:5, instance:com.mycompany.nhom08.LoginNGTest@78e117e3]" started-at="2025-11-10T21:39:06 ICT" name="TC05" finished-at="2025-11-10T21:39:08 ICT" duration-ms="2605" status="PASS">
          <reporter-output>
          </reporter-output>
        </test-method> <!-- TC05 -->
        <test-method is-config="true" signature="tearDownMethod(org.testng.ITestResult)[pri:0, instance:com.mycompany.nhom08.LoginNGTest@78e117e3]" started-at="2025-11-10T21:39:08 ICT" name="tearDownMethod" finished-at="2025-11-10T21:39:08 ICT" duration-ms="0" status="PASS">
          <params>
            <param index="0">
              <value>
                <![CDATA[[TestResult name=TC05 status=SUCCESS method=LoginNGTest.TC05()[pri:5, instance:com.mycompany.nhom08.LoginNGTest@78e117e3] output={null}]]]>
              </value>
            </param>
          </params>
          <reporter-output>
          </reporter-output>
        </test-method> <!-- tearDownMethod -->
        <test-method is-config="true" signature="setUpMethod()[pri:0, instance:com.mycompany.nhom08.LoginNGTest@78e117e3]" started-at="2025-11-10T21:39:08 ICT" name="setUpMethod" finished-at="2025-11-10T21:39:09 ICT" duration-ms="1098" status="PASS">
          <reporter-output>
          </reporter-output>
        </test-method> <!-- setUpMethod -->
        <test-method signature="TC06()[pri:6, instance:com.mycompany.nhom08.LoginNGTest@78e117e3]" started-at="2025-11-10T21:39:09 ICT" name="TC06" finished-at="2025-11-10T21:39:13 ICT" duration-ms="3750" status="PASS">
          <reporter-output>
          </reporter-output>
        </test-method> <!-- TC06 -->
        <test-method is-config="true" signature="tearDownMethod(org.testng.ITestResult)[pri:0, instance:com.mycompany.nhom08.LoginNGTest@78e117e3]" started-at="2025-11-10T21:39:13 ICT" name="tearDownMethod" finished-at="2025-11-10T21:39:13 ICT" duration-ms="1" status="PASS">
          <params>
            <param index="0">
              <value>
                <![CDATA[[TestResult name=TC06 status=SUCCESS method=LoginNGTest.TC06()[pri:6, instance:com.mycompany.nhom08.LoginNGTest@78e117e3] output={null}]]]>
              </value>
            </param>
          </params>
          <reporter-output>
          </reporter-output>
        </test-method> <!-- tearDownMethod -->
        <test-method is-config="true" signature="setUpMethod()[pri:0, instance:com.mycompany.nhom08.LoginNGTest@78e117e3]" started-at="2025-11-10T21:39:13 ICT" name="setUpMethod" finished-at="2025-11-10T21:39:14 ICT" duration-ms="639" status="PASS">
          <reporter-output>
          </reporter-output>
        </test-method> <!-- setUpMethod -->
        <test-method signature="TC07()[pri:7, instance:com.mycompany.nhom08.LoginNGTest@78e117e3]" started-at="2025-11-10T21:39:14 ICT" name="TC07" finished-at="2025-11-10T21:39:16 ICT" duration-ms="2672" status="PASS">
          <reporter-output>
          </reporter-output>
        </test-method> <!-- TC07 -->
        <test-method is-config="true" signature="tearDownMethod(org.testng.ITestResult)[pri:0, instance:com.mycompany.nhom08.LoginNGTest@78e117e3]" started-at="2025-11-10T21:39:16 ICT" name="tearDownMethod" finished-at="2025-11-10T21:39:16 ICT" duration-ms="0" status="PASS">
          <params>
            <param index="0">
              <value>
                <![CDATA[[TestResult name=TC07 status=SUCCESS method=LoginNGTest.TC07()[pri:7, instance:com.mycompany.nhom08.LoginNGTest@78e117e3] output={null}]]]>
              </value>
            </param>
          </params>
          <reporter-output>
          </reporter-output>
        </test-method> <!-- tearDownMethod -->
        <test-method is-config="true" signature="setUpMethod()[pri:0, instance:com.mycompany.nhom08.LoginNGTest@78e117e3]" started-at="2025-11-10T21:39:16 ICT" name="setUpMethod" finished-at="2025-11-10T21:39:17 ICT" duration-ms="1177" status="PASS">
          <reporter-output>
          </reporter-output>
        </test-method> <!-- setUpMethod -->
        <test-method signature="TC08()[pri:8, instance:com.mycompany.nhom08.LoginNGTest@78e117e3]" started-at="2025-11-10T21:39:17 ICT" name="TC08" finished-at="2025-11-10T21:39:22 ICT" duration-ms="4138" status="PASS">
          <reporter-output>
          </reporter-output>
        </test-method> <!-- TC08 -->
        <test-method is-config="true" signature="tearDownMethod(org.testng.ITestResult)[pri:0, instance:com.mycompany.nhom08.LoginNGTest@78e117e3]" started-at="2025-11-10T21:39:22 ICT" name="tearDownMethod" finished-at="2025-11-10T21:39:22 ICT" duration-ms="2" status="PASS">
          <params>
            <param index="0">
              <value>
                <![CDATA[[TestResult name=TC08 status=SUCCESS method=LoginNGTest.TC08()[pri:8, instance:com.mycompany.nhom08.LoginNGTest@78e117e3] output={null}]]]>
              </value>
            </param>
          </params>
          <reporter-output>
          </reporter-output>
        </test-method> <!-- tearDownMethod -->
        <test-method is-config="true" signature="setUpMethod()[pri:0, instance:com.mycompany.nhom08.LoginNGTest@78e117e3]" started-at="2025-11-10T21:39:22 ICT" name="setUpMethod" finished-at="2025-11-10T21:39:22 ICT" duration-ms="616" status="PASS">
          <reporter-output>
          </reporter-output>
        </test-method> <!-- setUpMethod -->
        <test-method signature="TC09()[pri:9, instance:com.mycompany.nhom08.LoginNGTest@78e117e3]" started-at="2025-11-10T21:39:22 ICT" name="TC09" finished-at="2025-11-10T21:39:24 ICT" duration-ms="1529" status="PASS">
          <reporter-output>
          </reporter-output>
        </test-method> <!-- TC09 -->
        <test-method is-config="true" signature="tearDownMethod(org.testng.ITestResult)[pri:0, instance:com.mycompany.nhom08.LoginNGTest@78e117e3]" started-at="2025-11-10T21:39:24 ICT" name="tearDownMethod" finished-at="2025-11-10T21:39:24 ICT" duration-ms="2" status="PASS">
          <params>
            <param index="0">
              <value>
                <![CDATA[[TestResult name=TC09 status=SUCCESS method=LoginNGTest.TC09()[pri:9, instance:com.mycompany.nhom08.LoginNGTest@78e117e3] output={null}]]]>
              </value>
            </param>
          </params>
          <reporter-output>
          </reporter-output>
        </test-method> <!-- tearDownMethod -->
        <test-method is-config="true" signature="setUpMethod()[pri:0, instance:com.mycompany.nhom08.LoginNGTest@78e117e3]" started-at="2025-11-10T21:39:24 ICT" name="setUpMethod" finished-at="2025-11-10T21:39:24 ICT" duration-ms="616" status="PASS">
          <reporter-output>
          </reporter-output>
        </test-method> <!-- setUpMethod -->
        <test-method signature="TC10()[pri:10, instance:com.mycompany.nhom08.LoginNGTest@78e117e3]" started-at="2025-11-10T21:39:24 ICT" name="TC10" finished-at="2025-11-10T21:39:26 ICT" duration-ms="1542" status="PASS">
          <reporter-output>
          </reporter-output>
        </test-method> <!-- TC10 -->
        <test-method is-config="true" signature="tearDownMethod(org.testng.ITestResult)[pri:0, instance:com.mycompany.nhom08.LoginNGTest@78e117e3]" started-at="2025-11-10T21:39:26 ICT" name="tearDownMethod" finished-at="2025-11-10T21:39:26 ICT" duration-ms="1" status="PASS">
          <params>
            <param index="0">
              <value>
                <![CDATA[[TestResult name=TC10 status=SUCCESS method=LoginNGTest.TC10()[pri:10, instance:com.mycompany.nhom08.LoginNGTest@78e117e3] output={null}]]]>
              </value>
            </param>
          </params>
          <reporter-output>
          </reporter-output>
        </test-method> <!-- tearDownMethod -->
        <test-method is-config="true" signature="setUpMethod()[pri:0, instance:com.mycompany.nhom08.LoginNGTest@78e117e3]" started-at="2025-11-10T21:39:26 ICT" name="setUpMethod" finished-at="2025-11-10T21:39:27 ICT" duration-ms="610" status="PASS">
          <reporter-output>
          </reporter-output>
        </test-method> <!-- setUpMethod -->
        <test-method signature="TC11()[pri:11, instance:com.mycompany.nhom08.LoginNGTest@78e117e3]" started-at="2025-11-10T21:39:27 ICT" name="TC11" finished-at="2025-11-10T21:39:28 ICT" duration-ms="1598" status="PASS">
          <reporter-output>
          </reporter-output>
        </test-method> <!-- TC11 -->
        <test-method is-config="true" signature="tearDownMethod(org.testng.ITestResult)[pri:0, instance:com.mycompany.nhom08.LoginNGTest@78e117e3]" started-at="2025-11-10T21:39:28 ICT" name="tearDownMethod" finished-at="2025-11-10T21:39:28 ICT" duration-ms="1" status="PASS">
          <params>
            <param index="0">
              <value>
                <![CDATA[[TestResult name=TC11 status=SUCCESS method=LoginNGTest.TC11()[pri:11, instance:com.mycompany.nhom08.LoginNGTest@78e117e3] output={null}]]]>
              </value>
            </param>
          </params>
          <reporter-output>
          </reporter-output>
        </test-method> <!-- tearDownMethod -->
        <test-method is-config="true" signature="setUpMethod()[pri:0, instance:com.mycompany.nhom08.LoginNGTest@78e117e3]" started-at="2025-11-10T21:39:28 ICT" name="setUpMethod" finished-at="2025-11-10T21:39:29 ICT" duration-ms="608" status="PASS">
          <reporter-output>
          </reporter-output>
        </test-method> <!-- setUpMethod -->
        <test-method signature="TC12()[pri:12, instance:com.mycompany.nhom08.LoginNGTest@78e117e3]" started-at="2025-11-10T21:39:29 ICT" name="TC12" finished-at="2025-11-10T21:39:30 ICT" duration-ms="1609" status="PASS">
          <reporter-output>
          </reporter-output>
        </test-method> <!-- TC12 -->
        <test-method is-config="true" signature="tearDownMethod(org.testng.ITestResult)[pri:0, instance:com.mycompany.nhom08.LoginNGTest@78e117e3]" started-at="2025-11-10T21:39:30 ICT" name="tearDownMethod" finished-at="2025-11-10T21:39:30 ICT" duration-ms="2" status="PASS">
          <params>
            <param index="0">
              <value>
                <![CDATA[[TestResult name=TC12 status=SUCCESS method=LoginNGTest.TC12()[pri:12, instance:com.mycompany.nhom08.LoginNGTest@78e117e3] output={null}]]]>
              </value>
            </param>
          </params>
          <reporter-output>
          </reporter-output>
        </test-method> <!-- tearDownMethod -->
        <test-method is-config="true" signature="setUpMethod()[pri:0, instance:com.mycompany.nhom08.LoginNGTest@78e117e3]" started-at="2025-11-10T21:39:30 ICT" name="setUpMethod" finished-at="2025-11-10T21:39:31 ICT" duration-ms="618" status="PASS">
          <reporter-output>
          </reporter-output>
        </test-method> <!-- setUpMethod -->
        <test-method signature="TC13()[pri:13, instance:com.mycompany.nhom08.LoginNGTest@78e117e3]" started-at="2025-11-10T21:39:31 ICT" name="TC13" finished-at="2025-11-10T21:39:43 ICT" duration-ms="12045" status="PASS">
          <reporter-output>
          </reporter-output>
        </test-method> <!-- TC13 -->
        <test-method is-config="true" signature="tearDownMethod(org.testng.ITestResult)[pri:0, instance:com.mycompany.nhom08.LoginNGTest@78e117e3]" started-at="2025-11-10T21:39:43 ICT" name="tearDownMethod" finished-at="2025-11-10T21:39:43 ICT" duration-ms="0" status="PASS">
          <params>
            <param index="0">
              <value>
                <![CDATA[[TestResult name=TC13 status=SUCCESS method=LoginNGTest.TC13()[pri:13, instance:com.mycompany.nhom08.LoginNGTest@78e117e3] output={null}]]]>
              </value>
            </param>
          </params>
          <reporter-output>
          </reporter-output>
        </test-method> <!-- tearDownMethod -->
        <test-method is-config="true" signature="setUpMethod()[pri:0, instance:com.mycompany.nhom08.LoginNGTest@78e117e3]" started-at="2025-11-10T21:39:43 ICT" name="setUpMethod" finished-at="2025-11-10T21:39:44 ICT" duration-ms="612" status="PASS">
          <reporter-output>
          </reporter-output>
        </test-method> <!-- setUpMethod -->
        <test-method signature="TC14()[pri:14, instance:com.mycompany.nhom08.LoginNGTest@78e117e3]" started-at="2025-11-10T21:39:44 ICT" name="TC14" finished-at="2025-11-10T21:39:45 ICT" duration-ms="1539" status="PASS">
          <reporter-output>
          </reporter-output>
        </test-method> <!-- TC14 -->
        <test-method is-config="true" signature="tearDownMethod(org.testng.ITestResult)[pri:0, instance:com.mycompany.nhom08.LoginNGTest@78e117e3]" started-at="2025-11-10T21:39:45 ICT" name="tearDownMethod" finished-at="2025-11-10T21:39:45 ICT" duration-ms="1" status="PASS">
          <params>
            <param index="0">
              <value>
                <![CDATA[[TestResult name=TC14 status=SUCCESS method=LoginNGTest.TC14()[pri:14, instance:com.mycompany.nhom08.LoginNGTest@78e117e3] output={null}]]]>
              </value>
            </param>
          </params>
          <reporter-output>
          </reporter-output>
        </test-method> <!-- tearDownMethod -->
        <test-method is-config="true" signature="setUpMethod()[pri:0, instance:com.mycompany.nhom08.LoginNGTest@78e117e3]" started-at="2025-11-10T21:39:45 ICT" name="setUpMethod" finished-at="2025-11-10T21:39:46 ICT" duration-ms="631" status="PASS">
          <reporter-output>
          </reporter-output>
        </test-method> <!-- setUpMethod -->
        <test-method signature="TC15()[pri:15, instance:com.mycompany.nhom08.LoginNGTest@78e117e3]" started-at="2025-11-10T21:39:46 ICT" name="TC15" finished-at="2025-11-10T21:39:47 ICT" duration-ms="1604" status="PASS">
          <reporter-output>
          </reporter-output>
        </test-method> <!-- TC15 -->
        <test-method is-config="true" signature="tearDownMethod(org.testng.ITestResult)[pri:0, instance:com.mycompany.nhom08.LoginNGTest@78e117e3]" started-at="2025-11-10T21:39:47 ICT" name="tearDownMethod" finished-at="2025-11-10T21:39:47 ICT" duration-ms="0" status="PASS">
          <params>
            <param index="0">
              <value>
                <![CDATA[[TestResult name=TC15 status=SUCCESS method=LoginNGTest.TC15()[pri:15, instance:com.mycompany.nhom08.LoginNGTest@78e117e3] output={null}]]]>
              </value>
            </param>
          </params>
          <reporter-output>
          </reporter-output>
        </test-method> <!-- tearDownMethod -->
        <test-method is-config="true" signature="setUpMethod()[pri:0, instance:com.mycompany.nhom08.LoginNGTest@78e117e3]" started-at="2025-11-10T21:39:47 ICT" name="setUpMethod" finished-at="2025-11-10T21:39:48 ICT" duration-ms="635" status="PASS">
          <reporter-output>
          </reporter-output>
        </test-method> <!-- setUpMethod -->
        <test-method signature="TC16()[pri:16, instance:com.mycompany.nhom08.LoginNGTest@78e117e3]" started-at="2025-11-10T21:39:48 ICT" name="TC16" finished-at="2025-11-10T21:39:51 ICT" duration-ms="2635" status="PASS">
          <reporter-output>
          </reporter-output>
        </test-method> <!-- TC16 -->
        <test-method is-config="true" signature="tearDownMethod(org.testng.ITestResult)[pri:0, instance:com.mycompany.nhom08.LoginNGTest@78e117e3]" started-at="2025-11-10T21:39:51 ICT" name="tearDownMethod" finished-at="2025-11-10T21:39:51 ICT" duration-ms="2" status="PASS">
          <params>
            <param index="0">
              <value>
                <![CDATA[[TestResult name=TC16 status=SUCCESS method=LoginNGTest.TC16()[pri:16, instance:com.mycompany.nhom08.LoginNGTest@78e117e3] output={null}]]]>
              </value>
            </param>
          </params>
          <reporter-output>
          </reporter-output>
        </test-method> <!-- tearDownMethod -->
        <test-method is-config="true" signature="setUpMethod()[pri:0, instance:com.mycompany.nhom08.LoginNGTest@78e117e3]" started-at="2025-11-10T21:39:51 ICT" name="setUpMethod" finished-at="2025-11-10T21:39:52 ICT" duration-ms="1099" status="PASS">
          <reporter-output>
          </reporter-output>
        </test-method> <!-- setUpMethod -->
        <test-method signature="TC17()[pri:17, instance:com.mycompany.nhom08.LoginNGTest@78e117e3]" started-at="2025-11-10T21:39:52 ICT" name="TC17" finished-at="2025-11-10T21:39:52 ICT" duration-ms="10" status="FAIL">
          <exception class="java.lang.AssertionError">
            <message>
              <![CDATA[expected [10] but found [6]]]>
            </message>
            <full-stacktrace>
              <![CDATA[java.lang.AssertionError: expected [10] but found [6]
at org.testng.Assert.fail(Assert.java:111)
at org.testng.Assert.failNotEquals(Assert.java:1578)
at org.testng.Assert.assertEqualsImpl(Assert.java:150)
at org.testng.Assert.assertEquals(Assert.java:132)
at org.testng.Assert.assertEquals(Assert.java:1419)
at org.testng.Assert.assertEquals(Assert.java:1383)
at org.testng.Assert.assertEquals(Assert.java:1429)
at com.mycompany.nhom08.LoginNGTest.TC17(LoginNGTest.java:400)
at java.base/jdk.internal.reflect.NativeMethodAccessorImpl.invoke0(Native Method)
at java.base/jdk.internal.reflect.NativeMethodAccessorImpl.invoke(NativeMethodAccessorImpl.java:77)
at java.base/jdk.internal.reflect.DelegatingMethodAccessorImpl.invoke(DelegatingMethodAccessorImpl.java:43)
at java.base/java.lang.reflect.Method.invoke(Method.java:569)
at org.testng.internal.invokers.MethodInvocationHelper.invokeMethod(MethodInvocationHelper.java:139)
at org.testng.internal.invokers.TestInvoker.invokeMethod(TestInvoker.java:664)
at org.testng.internal.invokers.TestInvoker.invokeTestMethod(TestInvoker.java:227)
at org.testng.internal.invokers.MethodRunner.runInSequence(MethodRunner.java:50)
at org.testng.internal.invokers.TestInvoker$MethodInvocationAgent.invoke(TestInvoker.java:957)
at org.testng.internal.invokers.TestInvoker.invokeTestMethods(TestInvoker.java:200)
at org.testng.internal.invokers.TestMethodWorker.invokeTestMethods(TestMethodWorker.java:148)
at org.testng.internal.invokers.TestMethodWorker.run(TestMethodWorker.java:128)
at java.base/java.util.ArrayList.forEach(ArrayList.java:1511)
at org.testng.TestRunner.privateRun(TestRunner.java:848)
at org.testng.TestRunner.run(TestRunner.java:621)
at org.testng.SuiteRunner.runTest(SuiteRunner.java:443)
at org.testng.SuiteRunner.runSequentially(SuiteRunner.java:437)
at org.testng.SuiteRunner.privateRun(SuiteRunner.java:397)
at org.testng.SuiteRunner.run(SuiteRunner.java:336)
at org.testng.SuiteRunnerWorker.runSuite(SuiteRunnerWorker.java:52)
at org.testng.SuiteRunnerWorker.run(SuiteRunnerWorker.java:95)
at org.testng.TestNG.runSuitesSequentially(TestNG.java:1280)
at org.testng.TestNG.runSuitesLocally(TestNG.java:1200)
at org.testng.TestNG.runSuites(TestNG.java:1114)
at org.testng.TestNG.run(TestNG.java:1082)
at org.apache.maven.surefire.testng.TestNGExecutor.run(TestNGExecutor.java:155)
at org.apache.maven.surefire.testng.TestNGDirectoryTestSuite.executeSingleClass(TestNGDirectoryTestSuite.java:102)
at org.apache.maven.surefire.testng.TestNGDirectoryTestSuite.execute(TestNGDirectoryTestSuite.java:91)
at org.apache.maven.surefire.testng.TestNGProvider.invoke(TestNGProvider.java:137)
at org.apache.maven.surefire.booter.ForkedBooter.runSuitesInProcess(ForkedBooter.java:385)
at org.apache.maven.surefire.booter.ForkedBooter.execute(ForkedBooter.java:162)
at org.apache.maven.surefire.booter.ForkedBooter.run(ForkedBooter.java:507)
at org.apache.maven.surefire.booter.ForkedBooter.main(ForkedBooter.java:495)
]]>
            </full-stacktrace>
          </exception> <!-- java.lang.AssertionError -->
          <reporter-output>
          </reporter-output>
        </test-method> <!-- TC17 -->
        <test-method is-config="true" signature="tearDownMethod(org.testng.ITestResult)[pri:0, instance:com.mycompany.nhom08.LoginNGTest@78e117e3]" started-at="2025-11-10T21:39:52 ICT" name="tearDownMethod" finished-at="2025-11-10T21:39:52 ICT" duration-ms="0" status="PASS">
          <params>
            <param index="0">
              <value>
                <![CDATA[[TestResult name=TC17 status=FAILURE method=LoginNGTest.TC17()[pri:17, instance:com.mycompany.nhom08.LoginNGTest@78e117e3] output={null}]]]>
              </value>
            </param>
          </params>
          <reporter-output>
          </reporter-output>
        </test-method> <!-- tearDownMethod -->
        <test-method is-config="true" signature="setUpMethod()[pri:0, instance:com.mycompany.nhom08.LoginNGTest@78e117e3]" started-at="2025-11-10T21:39:52 ICT" name="setUpMethod" finished-at="2025-11-10T21:39:52 ICT" duration-ms="602" status="PASS">
          <reporter-output>
          </reporter-output>
        </test-method> <!-- setUpMethod -->
        <test-method signature="TC18()[pri:18, instance:com.mycompany.nhom08.LoginNGTest@78e117e3]" started-at="2025-11-10T21:39:52 ICT" name="TC18" finished-at="2025-11-10T21:39:52 ICT" duration-ms="35" status="FAIL">
          <exception class="java.lang.AssertionError">
            <message>
              <![CDATA[expected [$99.99] but found [$29.99]]]>
            </message>
            <full-stacktrace>
              <![CDATA[java.lang.AssertionError: expected [$99.99] but found [$29.99]
at org.testng.Assert.fail(Assert.java:111)
at org.testng.Assert.failNotEquals(Assert.java:1578)
at org.testng.Assert.assertEqualsImpl(Assert.java:150)
at org.testng.Assert.assertEquals(Assert.java:132)
at org.testng.Assert.assertEquals(Assert.java:656)
at org.testng.Assert.assertEquals(Assert.java:666)
at com.mycompany.nhom08.LoginNGTest.TC18(LoginNGTest.java:413)
at java.base/jdk.internal.reflect.NativeMethodAccessorImpl.invoke0(Native Method)
at java.base/jdk.internal.reflect.NativeMethodAccessorImpl.invoke(NativeMethodAccessorImpl.java:77)
at java.base/jdk.internal.reflect.DelegatingMethodAccessorImpl.invoke(DelegatingMethodAccessorImpl.java:43)
at java.base/java.lang.reflect.Method.invoke(Method.java:569)
at org.testng.internal.invokers.MethodInvocationHelper.invokeMethod(MethodInvocationHelper.java:139)
at org.testng.internal.invokers.TestInvoker.invokeMethod(TestInvoker.java:664)
at org.testng.internal.invokers.TestInvoker.invokeTestMethod(TestInvoker.java:227)
at org.testng.internal.invokers.MethodRunner.runInSequence(MethodRunner.java:50)
at org.testng.internal.invokers.TestInvoker$MethodInvocationAgent.invoke(TestInvoker.java:957)
at org.testng.internal.invokers.TestInvoker.invokeTestMethods(TestInvoker.java:200)
at org.testng.internal.invokers.TestMethodWorker.invokeTestMethods(TestMethodWorker.java:148)
at org.testng.internal.invokers.TestMethodWorker.run(TestMethodWorker.java:128)
at java.base/java.util.ArrayList.forEach(ArrayList.java:1511)
at org.testng.TestRunner.privateRun(TestRunner.java:848)
at org.testng.TestRunner.run(TestRunner.java:621)
at org.testng.SuiteRunner.runTest(SuiteRunner.java:443)
at org.testng.SuiteRunner.runSequentially(SuiteRunner.java:437)
at org.testng.SuiteRunner.privateRun(SuiteRunner.java:397)
at org.testng.SuiteRunner.run(SuiteRunner.java:336)
at org.testng.SuiteRunnerWorker.runSuite(SuiteRunnerWorker.java:52)
at org.testng.SuiteRunnerWorker.run(SuiteRunnerWorker.java:95)
at org.testng.TestNG.runSuitesSequentially(TestNG.java:1280)
at org.testng.TestNG.runSuitesLocally(TestNG.java:1200)
at org.testng.TestNG.runSuites(TestNG.java:1114)
at org.testng.TestNG.run(TestNG.java:1082)
at org.apache.maven.surefire.testng.TestNGExecutor.run(TestNGExecutor.java:155)
at org.apache.maven.surefire.testng.TestNGDirectoryTestSuite.executeSingleClass(TestNGDirectoryTestSuite.java:102)
at org.apache.maven.surefire.testng.TestNGDirectoryTestSuite.execute(TestNGDirectoryTestSuite.java:91)
at org.apache.maven.surefire.testng.TestNGProvider.invoke(TestNGProvider.java:137)
at org.apache.maven.surefire.booter.ForkedBooter.runSuitesInProcess(ForkedBooter.java:385)
at org.apache.maven.surefire.booter.ForkedBooter.execute(ForkedBooter.java:162)
at org.apache.maven.surefire.booter.ForkedBooter.run(ForkedBooter.java:507)
at org.apache.maven.surefire.booter.ForkedBooter.main(ForkedBooter.java:495)
]]>
            </full-stacktrace>
          </exception> <!-- java.lang.AssertionError -->
          <reporter-output>
          </reporter-output>
        </test-method> <!-- TC18 -->
        <test-method is-config="true" signature="tearDownMethod(org.testng.ITestResult)[pri:0, instance:com.mycompany.nhom08.LoginNGTest@78e117e3]" started-at="2025-11-10T21:39:52 ICT" name="tearDownMethod" finished-at="2025-11-10T21:39:52 ICT" duration-ms="1" status="PASS">
          <params>
            <param index="0">
              <value>
                <![CDATA[[TestResult name=TC18 status=FAILURE method=LoginNGTest.TC18()[pri:18, instance:com.mycompany.nhom08.LoginNGTest@78e117e3] output={null}]]]>
              </value>
            </param>
          </params>
          <reporter-output>
          </reporter-output>
        </test-method> <!-- tearDownMethod -->
        <test-method is-config="true" signature="setUpMethod()[pri:0, instance:com.mycompany.nhom08.LoginNGTest@78e117e3]" started-at="2025-11-10T21:39:52 ICT" name="setUpMethod" finished-at="2025-11-10T21:39:53 ICT" duration-ms="649" status="PASS">
          <reporter-output>
          </reporter-output>
        </test-method> <!-- setUpMethod -->
        <test-method signature="TC19()[pri:19, instance:com.mycompany.nhom08.LoginNGTest@78e117e3]" started-at="2025-11-10T21:39:53 ICT" name="TC19" finished-at="2025-11-10T21:39:54 ICT" duration-ms="1208" status="FAIL">
          <exception class="java.lang.AssertionError">
            <message>
              <![CDATA[expected [5] but found [2]]]>
            </message>
            <full-stacktrace>
              <![CDATA[java.lang.AssertionError: expected [5] but found [2]
at org.testng.Assert.fail(Assert.java:111)
at org.testng.Assert.failNotEquals(Assert.java:1578)
at org.testng.Assert.assertEqualsImpl(Assert.java:150)
at org.testng.Assert.assertEquals(Assert.java:132)
at org.testng.Assert.assertEquals(Assert.java:656)
at org.testng.Assert.assertEquals(Assert.java:666)
at com.mycompany.nhom08.LoginNGTest.TC19(LoginNGTest.java:430)
at java.base/jdk.internal.reflect.NativeMethodAccessorImpl.invoke0(Native Method)
at java.base/jdk.internal.reflect.NativeMethodAccessorImpl.invoke(NativeMethodAccessorImpl.java:77)
at java.base/jdk.internal.reflect.DelegatingMethodAccessorImpl.invoke(DelegatingMethodAccessorImpl.java:43)
at java.base/java.lang.reflect.Method.invoke(Method.java:569)
at org.testng.internal.invokers.MethodInvocationHelper.invokeMethod(MethodInvocationHelper.java:139)
at org.testng.internal.invokers.TestInvoker.invokeMethod(TestInvoker.java:664)
at org.testng.internal.invokers.TestInvoker.invokeTestMethod(TestInvoker.java:227)
at org.testng.internal.invokers.MethodRunner.runInSequence(MethodRunner.java:50)
at org.testng.internal.invokers.TestInvoker$MethodInvocationAgent.invoke(TestInvoker.java:957)
at org.testng.internal.invokers.TestInvoker.invokeTestMethods(TestInvoker.java:200)
at org.testng.internal.invokers.TestMethodWorker.invokeTestMethods(TestMethodWorker.java:148)
at org.testng.internal.invokers.TestMethodWorker.run(TestMethodWorker.java:128)
at java.base/java.util.ArrayList.forEach(ArrayList.java:1511)
at org.testng.TestRunner.privateRun(TestRunner.java:848)
at org.testng.TestRunner.run(TestRunner.java:621)
at org.testng.SuiteRunner.runTest(SuiteRunner.java:443)
at org.testng.SuiteRunner.runSequentially(SuiteRunner.java:437)
at org.testng.SuiteRunner.privateRun(SuiteRunner.java:397)
at org.testng.SuiteRunner.run(SuiteRunner.java:336)
at org.testng.SuiteRunnerWorker.runSuite(SuiteRunnerWorker.java:52)
at org.testng.SuiteRunnerWorker.run(SuiteRunnerWorker.java:95)
at org.testng.TestNG.runSuitesSequentially(TestNG.java:1280)
at org.testng.TestNG.runSuitesLocally(TestNG.java:1200)
at org.testng.TestNG.runSuites(TestNG.java:1114)
at org.testng.TestNG.run(TestNG.java:1082)
at org.apache.maven.surefire.testng.TestNGExecutor.run(TestNGExecutor.java:155)
at org.apache.maven.surefire.testng.TestNGDirectoryTestSuite.executeSingleClass(TestNGDirectoryTestSuite.java:102)
at org.apache.maven.surefire.testng.TestNGDirectoryTestSuite.execute(TestNGDirectoryTestSuite.java:91)
at org.apache.maven.surefire.testng.TestNGProvider.invoke(TestNGProvider.java:137)
at org.apache.maven.surefire.booter.ForkedBooter.runSuitesInProcess(ForkedBooter.java:385)
at org.apache.maven.surefire.booter.ForkedBooter.execute(ForkedBooter.java:162)
at org.apache.maven.surefire.booter.ForkedBooter.run(ForkedBooter.java:507)
at org.apache.maven.surefire.booter.ForkedBooter.main(ForkedBooter.java:495)
]]>
            </full-stacktrace>
          </exception> <!-- java.lang.AssertionError -->
          <reporter-output>
          </reporter-output>
        </test-method> <!-- TC19 -->
        <test-method is-config="true" signature="tearDownMethod(org.testng.ITestResult)[pri:0, instance:com.mycompany.nhom08.LoginNGTest@78e117e3]" started-at="2025-11-10T21:39:54 ICT" name="tearDownMethod" finished-at="2025-11-10T21:39:54 ICT" duration-ms="1" status="PASS">
          <params>
            <param index="0">
              <value>
                <![CDATA[[TestResult name=TC19 status=FAILURE method=LoginNGTest.TC19()[pri:19, instance:com.mycompany.nhom08.LoginNGTest@78e117e3] output={null}]]]>
              </value>
            </param>
          </params>
          <reporter-output>
          </reporter-output>
        </test-method> <!-- tearDownMethod -->
        <test-method is-config="true" signature="setUpMethod()[pri:0, instance:com.mycompany.nhom08.LoginNGTest@78e117e3]" started-at="2025-11-10T21:39:54 ICT" name="setUpMethod" finished-at="2025-11-10T21:39:55 ICT" duration-ms="692" status="PASS">
          <reporter-output>
          </reporter-output>
        </test-method> <!-- setUpMethod -->
        <test-method signature="TC20()[pri:20, instance:com.mycompany.nhom08.LoginNGTest@78e117e3]" started-at="2025-11-10T21:39:55 ICT" name="TC20" finished-at="2025-11-10T21:39:55 ICT" duration-ms="33" status="FAIL">
          <exception class="java.lang.AssertionError">
            <message>
              <![CDATA[expected [All Products] but found [Products]]]>
            </message>
            <full-stacktrace>
              <![CDATA[java.lang.AssertionError: expected [All Products] but found [Products]
at org.testng.Assert.fail(Assert.java:111)
at org.testng.Assert.failNotEquals(Assert.java:1578)
at org.testng.Assert.assertEqualsImpl(Assert.java:150)
at org.testng.Assert.assertEquals(Assert.java:132)
at org.testng.Assert.assertEquals(Assert.java:656)
at org.testng.Assert.assertEquals(Assert.java:666)
at com.mycompany.nhom08.LoginNGTest.TC20(LoginNGTest.java:442)
at java.base/jdk.internal.reflect.NativeMethodAccessorImpl.invoke0(Native Method)
at java.base/jdk.internal.reflect.NativeMethodAccessorImpl.invoke(NativeMethodAccessorImpl.java:77)
at java.base/jdk.internal.reflect.DelegatingMethodAccessorImpl.invoke(DelegatingMethodAccessorImpl.java:43)
at java.base/java.lang.reflect.Method.invoke(Method.java:569)
at org.testng.internal.invokers.MethodInvocationHelper.invokeMethod(MethodInvocationHelper.java:139)
at org.testng.internal.invokers.TestInvoker.invokeMethod(TestInvoker.java:664)
at org.testng.internal.invokers.TestInvoker.invokeTestMethod(TestInvoker.java:227)
at org.testng.internal.invokers.MethodRunner.runInSequence(MethodRunner.java:50)
at org.testng.internal.invokers.TestInvoker$MethodInvocationAgent.invoke(TestInvoker.java:957)
at org.testng.internal.invokers.TestInvoker.invokeTestMethods(TestInvoker.java:200)
at org.testng.internal.invokers.TestMethodWorker.invokeTestMethods(TestMethodWorker.java:148)
at org.testng.internal.invokers.TestMethodWorker.run(TestMethodWorker.java:128)
at java.base/java.util.ArrayList.forEach(ArrayList.java:1511)
at org.testng.TestRunner.privateRun(TestRunner.java:848)
at org.testng.TestRunner.run(TestRunner.java:621)
at org.testng.SuiteRunner.runTest(SuiteRunner.java:443)
at org.testng.SuiteRunner.runSequentially(SuiteRunner.java:437)
at org.testng.SuiteRunner.privateRun(SuiteRunner.java:397)
at org.testng.SuiteRunner.run(SuiteRunner.java:336)
at org.testng.SuiteRunnerWorker.runSuite(SuiteRunnerWorker.java:52)
at org.testng.SuiteRunnerWorker.run(SuiteRunnerWorker.java:95)
at org.testng.TestNG.runSuitesSequentially(TestNG.java:1280)
at org.testng.TestNG.runSuitesLocally(TestNG.java:1200)
at org.testng.TestNG.runSuites(TestNG.java:1114)
at org.testng.TestNG.run(TestNG.java:1082)
at org.apache.maven.surefire.testng.TestNGExecutor.run(TestNGExecutor.java:155)
at org.apache.maven.surefire.testng.TestNGDirectoryTestSuite.executeSingleClass(TestNGDirectoryTestSuite.java:102)
at org.apache.maven.surefire.testng.TestNGDirectoryTestSuite.execute(TestNGDirectoryTestSuite.java:91)
at org.apache.maven.surefire.testng.TestNGProvider.invoke(TestNGProvider.java:137)
at org.apache.maven.surefire.booter.ForkedBooter.runSuitesInProcess(ForkedBooter.java:385)
at org.apache.maven.surefire.booter.ForkedBooter.execute(ForkedBooter.java:162)
at org.apache.maven.surefire.booter.ForkedBooter.run(ForkedBooter.java:507)
at org.apache.maven.surefire.booter.ForkedBooter.main(ForkedBooter.java:495)
]]>
            </full-stacktrace>
          </exception> <!-- java.lang.AssertionError -->
          <reporter-output>
          </reporter-output>
        </test-method> <!-- TC20 -->
        <test-method is-config="true" signature="tearDownMethod(org.testng.ITestResult)[pri:0, instance:com.mycompany.nhom08.LoginNGTest@78e117e3]" started-at="2025-11-10T21:39:55 ICT" name="tearDownMethod" finished-at="2025-11-10T21:39:55 ICT" duration-ms="1" status="PASS">
          <params>
            <param index="0">
              <value>
                <![CDATA[[TestResult name=TC20 status=FAILURE method=LoginNGTest.TC20()[pri:20, instance:com.mycompany.nhom08.LoginNGTest@78e117e3] output={null}]]]>
              </value>
            </param>
          </params>
          <reporter-output>
          </reporter-output>
        </test-method> <!-- tearDownMethod -->
        <test-method is-config="true" signature="finish()[pri:0, instance:com.mycompany.nhom08.LoginNGTest@78e117e3]" started-at="2025-11-10T21:39:55 ICT" name="finish" finished-at="2025-11-10T21:39:55 ICT" duration-ms="210" status="PASS">
          <reporter-output>
          </reporter-output>
        </test-method> <!-- finish -->
      </class> <!-- com.mycompany.nhom08.LoginNGTest -->
    </test> <!-- Surefire test -->
  </suite> <!-- Surefire suite -->
</testng-results>
